<?xml version="1.0" encoding="UTF-8"?>
<testsuite xmlns:xsi="http://www.w3.org/2001/XMLSchema-instance" xsi:noNamespaceSchemaLocation="https://maven.apache.org/surefire/maven-surefire-plugin/xsd/surefire-test-report.xsd" name="TestSuite" time="212.507" tests="5" errors="0" skipped="0" failures="4">
  <properties>
[...]
</properties>
  <testcase name="runScenario" classname="framework.runners.ServiceRequestSecondTest" time="105.804"/>
  <testcase name="runScenario" classname="framework.runners.ServiceRequestSecondTest" time="5.88">
    <failure type="java.lang.NullPointerException">java.lang.NullPointerException
</failure>
    <system-out><![CDATA[
@ServiceRequests @Profile @PFLUPD @Hybrid @MXDIR
Scenario: Postpaid Modify Profile X-Directory Level &amp#27;[90m# src/test/resources/functionalTests/MTNC/5_Service_Requests_profile.feature:60&amp#27;[0m
  &amp#27;[32mThen &amp#27;[0m&amp#27;[32mflow submitted successfully&amp#27;[0m                                 &amp#27;[90m# stepDefinitions.serviceRequests.common.CommonPageSteps.flow_submitted_successfully()&amp#27;[0m
Query is:
SELECT * FROM (SELECT notification_email_id_v FROM CB_SUBSCRIBER_MASTER WHERE EXT_SUBSCRIBER_CODE_V = 'C007549') WHERE ROWNUM = 1
  &amp#27;[31mAnd &amp#27;[0m&amp#27;[31mverify modified info&amp#27;[0m                                         &amp#27;[90m# stepDefinitions.serviceRequests.profile.pflupd.ModifyContactAndNotificationSteps.verify_modified_info()&amp#27;[0m
      &amp#27;[31mjava.lang.NullPointerException
	at framework.utils.OracleDataProvider.executeSelectQuery(OracleDataProvider.java:77)
	at framework.utils.OracleDataProvider.getProfileInfo(OracleDataProvider.java:240)
	at stepDefinitions.serviceRequests.profile.pflupd.ModifyContactAndNotificationSteps.verify_modified_info(ModifyContactAndNotificationSteps.java:42)
	at âœ½.verify modified info(file:///C:/Git/clm_selenide_cucumber/src/test/resources/functionalTests/MTNC/5_Service_Requests_profile.feature:30)
&amp#27;[0m

    Embedding  [image/png 72271 bytes]

Disconnected to oracle
]]></system-out>
    <system-err><![CDATA[java.lang.NullPointerException
	at framework.utils.OracleDataProvider.executeSelectQuery(OracleDataProvider.java:65)
	at framework.utils.OracleDataProvider.getProfileInfo(OracleDataProvider.java:240)
	at stepDefinitions.serviceRequests.profile.pflupd.ModifyContactAndNotificationSteps.verify_modified_info(ModifyContactAndNotificationSteps.java:42)
	at sun.reflect.NativeMethodAccessorImpl.invoke0(Native Method)
	at sun.reflect.NativeMethodAccessorImpl.invoke(NativeMethodAccessorImpl.java:62)
	at sun.reflect.DelegatingMethodAccessorImpl.invoke(DelegatingMethodAccessorImpl.java:43)
	at java.lang.reflect.Method.invoke(Method.java:498)
	at io.cucumber.java.Invoker.doInvoke(Invoker.java:66)
	at io.cucumber.java.Invoker.invoke(Invoker.java:24)
	at io.cucumber.java.AbstractGlueDefinition.invokeMethod(AbstractGlueDefinition.java:47)
	at io.cucumber.java.JavaStepDefinition.execute(JavaStepDefinition.java:29)
	at io.cucumber.core.runner.CoreStepDefinition.execute(CoreStepDefinition.java:66)
	at io.cucumber.core.runner.PickleStepDefinitionMatch.runStep(PickleStepDefinitionMatch.java:63)
	at io.cucumber.core.runner.ExecutionMode$1.execute(ExecutionMode.java:10)
	at io.cucumber.core.runner.TestStep.executeStep(TestStep.java:92)
	at io.cucumber.core.runner.TestStep.run(TestStep.java:64)
	at io.cucumber.core.runner.PickleStepTestStep.run(PickleStepTestStep.java:51)
	at io.cucumber.core.runner.TestCase.run(TestCase.java:104)
	at io.cucumber.core.runner.Runner.runPickle(Runner.java:71)
	at io.cucumber.testng.TestNGCucumberRunner.lambda$runScenario$0(TestNGCucumberRunner.java:116)
	at io.cucumber.core.runtime.CucumberExecutionContext.runTestCase(CucumberExecutionContext.java:117)
	at io.cucumber.testng.TestNGCucumberRunner.runScenario(TestNGCucumberRunner.java:113)
	at io.cucumber.testng.AbstractTestNGCucumberTests.runScenario(AbstractTestNGCucumberTests.java:31)
	at sun.reflect.NativeMethodAccessorImpl.invoke0(Native Method)
	at sun.reflect.NativeMethodAccessorImpl.invoke(NativeMethodAccessorImpl.java:62)
	at sun.reflect.DelegatingMethodAccessorImpl.invoke(DelegatingMethodAccessorImpl.java:43)
	at java.lang.reflect.Method.invoke(Method.java:498)
	at org.testng.internal.MethodInvocationHelper.invokeMethod(MethodInvocationHelper.java:133)
	at org.testng.internal.TestInvoker.invokeMethod(TestInvoker.java:598)
	at org.testng.internal.TestInvoker.invokeTestMethod(TestInvoker.java:173)
	at org.testng.internal.TestMethodWithDataProviderMethodWorker.call(TestMethodWithDataProviderMethodWorker.java:77)
	at org.testng.internal.TestMethodWithDataProviderMethodWorker.call(TestMethodWithDataProviderMethodWorker.java:15)
	at java.util.concurrent.FutureTask.run(FutureTask.java:266)
	at java.util.concurrent.Executors$RunnableAdapter.call(Executors.java:511)
	at java.util.concurrent.FutureTask.run(FutureTask.java:266)
	at java.util.concurrent.ThreadPoolExecutor.runWorker(ThreadPoolExecutor.java:1149)
	at java.util.concurrent.ThreadPoolExecutor$Worker.run(ThreadPoolExecutor.java:624)
	at java.lang.Thread.run(Thread.java:748)
[TestNG-PoolService-1] INFO com.codeborne.selenide.drivercommands.CloseDriverCommand - Hold browser and proxy open: 16 -> ChromeDriver: chrome on WINDOWS (5f271303a5b75c7a3a5f2edca257ed83), null
]]></system-err>
  </testcase>
  <testcase name="runScenario" classname="framework.runners.ServiceRequestSecondTest" time="9.42">
    <failure message="expected [PASSED] but found [FAILED]" type="java.lang.AssertionError">java.lang.AssertionError: expected [PASSED] but found [FAILED]
</failure>
    <system-out><![CDATA[  &amp#27;[31mThen &amp#27;[0m&amp#27;[31mflow submitted successfully&amp#27;[0m  &amp#27;[90m# stepDefinitions.serviceRequests.common.CommonPageSteps.flow_submitted_successfully()&amp#27;[0m
      &amp#27;[31mjava.lang.AssertionError: expected [PASSED] but found [FAILED]
	at org.testng.Assert.fail(Assert.java:99)
	at org.testng.Assert.failNotEquals(Assert.java:1037)
	at org.testng.Assert.assertEqualsImpl(Assert.java:140)
	at org.testng.Assert.assertEquals(Assert.java:122)
	at org.testng.Assert.assertEquals(Assert.java:629)
	at org.testng.Assert.assertEquals(Assert.java:639)
	at stepDefinitions.serviceRequests.common.CommonPageSteps.flow_submitted_successfully(CommonPageSteps.java:21)
	at âœ½.flow submitted successfully(file:///C:/Git/clm_selenide_cucumber/src/test/resources/functionalTests/MTNC/5_Service_Requests_profile.feature:18)
&amp#27;[0m

    Embedding  [image/png 81443 bytes]

Disconnected to oracle
]]></system-out>
    <system-err><![CDATA[[TestNG-PoolService-0] INFO com.codeborne.selenide.drivercommands.CloseDriverCommand - Hold browser and proxy open: 15 -> ChromeDriver: chrome on WINDOWS (d7acd0b45739f66678f2b014fa0a12b2), null
]]></system-err>
  </testcase>
  <testcase name="runScenario" classname="framework.runners.ServiceRequestSecondTest" time="11.954">
    <failure message="Element not found {By.name: locality/option[text:Bamoko]}&#10;Expected: exist&#10;Screenshot: file:/C:/Git/clm_selenide_cucumber/target/reports/tests/1628239395058.1.png&#10;Page source: file:/C:/Git/clm_selenide_cucumber/target/reports/tests/1628239395058.1.html&#10;Timeout: 20 s.&#10;Caused by: NoSuchElementException: Cannot locate element with text: Bamoko" type="com.codeborne.selenide.ex.ElementNotFound">com.codeborne.selenide.ex.ElementNotFound: 
Element not found {By.name: locality/option[text:Bamoko]}
Expected: exist
Screenshot: file:/C:/Git/clm_selenide_cucumber/target/reports/tests/1628239395058.1.png
Page source: file:/C:/Git/clm_selenide_cucumber/target/reports/tests/1628239395058.1.html
Timeout: 20 s.
Caused by: NoSuchElementException: Cannot locate element with text: Bamoko
Caused by: org.openqa.selenium.NoSuchElementException: 
Cannot locate element with text: Bamoko
For documentation on this error, please visit: https://www.seleniumhq.org/exceptions/no_such_element.html
Build info: version: '3.141.59', revision: 'e82be7d358', time: '2018-11-14T08:17:03'
System info: host: 'BAVYSYAKI', ip: '10.50.56.10', os.name: 'Windows 10', os.arch: 'amd64', os.version: '10.0', java.version: '1.8.0_231'
Driver info: driver.version: unknown
</failure>
    <system-out><![CDATA[  &amp#27;[31mAnd &amp#27;[0m&amp#27;[31mchanged address details&amp#27;[0m             &amp#27;[90m# stepDefinitions.serviceRequests.profile.pflupd.ModifyAddressDetailsSteps.modify_profile_address_details(io.cucumber.datatable.DataTable)&amp#27;[0m
      &amp#27;[31mElement not found {By.name: locality/option[text:Bamoko]}
Expected: exist
Screenshot: file:/C:/Git/clm_selenide_cucumber/target/reports/tests/1628239395058.1.png
Page source: file:/C:/Git/clm_selenide_cucumber/target/reports/tests/1628239395058.1.html
Timeout: 20 s.
Caused by: NoSuchElementException: Cannot locate element with text: Bamoko
	at com.codeborne.selenide.commands.SelectOptionByTextOrIndex.selectOptionsByTexts(SelectOptionByTextOrIndex.java:39)
	at com.codeborne.selenide.commands.SelectOptionByTextOrIndex.execute(SelectOptionByTextOrIndex.java:24)
	at com.codeborne.selenide.commands.SelectOptionByTextOrIndex.execute(SelectOptionByTextOrIndex.java:15)
	at com.codeborne.selenide.commands.Commands.execute(Commands.java:155)
	at com.codeborne.selenide.impl.SelenideElementProxy.dispatchAndRetry(SelenideElementProxy.java:133)
	at com.codeborne.selenide.impl.SelenideElementProxy.invoke(SelenideElementProxy.java:85)
	at com.sun.proxy.$Proxy16.selectOption(Unknown Source)
	at pages.serviceRequests.profile.pflupd.ModifyAddressDetails.modify_profile_address_details(ModifyAddressDetails.java:34)
	at stepDefinitions.serviceRequests.profile.pflupd.ModifyAddressDetailsSteps.modify_profile_address_details(ModifyAddressDetailsSteps.java:25)
	at âœ½.changed address details(file:///C:/Git/clm_selenide_cucumber/src/test/resources/functionalTests/MTNC/5_Service_Requests_profile.feature:50)
Caused by: org.openqa.selenium.NoSuchElementException: Cannot locate element with text: Bamoko
For documentation on this error, please visit: https://www.seleniumhq.org/exceptions/no_such_element.html
Build info: version: '3.141.59', revision: 'e82be7d358', time: '2018-11-14T08:17:03'
System info: host: 'BAVYSYAKI', ip: '10.50.56.10', os.name: 'Windows 10', os.arch: 'amd64', os.version: '10.0', java.version: '1.8.0_231'
Driver info: driver.version: unknown
	at org.openqa.selenium.support.ui.Select.selectByVisibleText(Select.java:147)
	at com.codeborne.selenide.commands.SelectOptionByTextOrIndex.selectOptionsByTexts(SelectOptionByTextOrIndex.java:36)
	at com.codeborne.selenide.commands.SelectOptionByTextOrIndex.execute(SelectOptionByTextOrIndex.java:24)
	at com.codeborne.selenide.commands.SelectOptionByTextOrIndex.execute(SelectOptionByTextOrIndex.java:15)
	at com.codeborne.selenide.commands.Commands.execute(Commands.java:155)
	at com.codeborne.selenide.impl.SelenideElementProxy.dispatchAndRetry(SelenideElementProxy.java:133)
	at com.codeborne.selenide.impl.SelenideElementProxy.invoke(SelenideElementProxy.java:85)
	at com.sun.proxy.$Proxy16.selectOption(Unknown Source)
	at pages.serviceRequests.profile.pflupd.ModifyAddressDetails.modify_profile_address_details(ModifyAddressDetails.java:34)
	at stepDefinitions.serviceRequests.profile.pflupd.ModifyAddressDetailsSteps.modify_profile_address_details(ModifyAddressDetailsSteps.java:25)
	at sun.reflect.NativeMethodAccessorImpl.invoke0(Native Method)
	at sun.reflect.NativeMethodAccessorImpl.invoke(NativeMethodAccessorImpl.java:62)
	at sun.reflect.DelegatingMethodAccessorImpl.invoke(DelegatingMethodAccessorImpl.java:43)
	at java.lang.reflect.Method.invoke(Method.java:498)
	at io.cucumber.java.Invoker.doInvoke(Invoker.java:66)
	at io.cucumber.java.Invoker.invoke(Invoker.java:24)
	at io.cucumber.java.AbstractGlueDefinition.invokeMethod(AbstractGlueDefinition.java:47)
	at io.cucumber.java.JavaStepDefinition.execute(JavaStepDefinition.java:29)
	at io.cucumber.core.runner.CoreStepDefinition.execute(CoreStepDefinition.java:66)
	at io.cucumber.core.runner.PickleStepDefinitionMatch.runStep(PickleStepDefinitionMatch.java:63)
	at io.cucumber.core.runner.ExecutionMode$1.execute(ExecutionMode.java:10)
	at io.cucumber.core.runner.TestStep.executeStep(TestStep.java:92)
	at io.cucumber.core.runner.TestStep.run(TestStep.java:64)
	at io.cucumber.core.runner.PickleStepTestStep.run(PickleStepTestStep.java:51)
	at io.cucumber.core.runner.TestCase.run(TestCase.java:104)
	at io.cucumber.core.runner.Runner.runPickle(Runner.java:71)
	at io.cucumber.testng.TestNGCucumberRunner.lambda$runScenario$0(TestNGCucumberRunner.java:116)
	at io.cucumber.core.runtime.CucumberExecutionContext.runTestCase(CucumberExecutionContext.java:117)
	at io.cucumber.testng.TestNGCucumberRunner.runScenario(TestNGCucumberRunner.java:113)
	at io.cucumber.testng.AbstractTestNGCucumberTests.runScenario(AbstractTestNGCucumberTests.java:31)
	at sun.reflect.NativeMethodAccessorImpl.invoke0(Native Method)
	at sun.reflect.NativeMethodAccessorImpl.invoke(NativeMethodAccessorImpl.java:62)
	at sun.reflect.DelegatingMethodAccessorImpl.invoke(DelegatingMethodAccessorImpl.java:43)
	at java.lang.reflect.Method.invoke(Method.java:498)
	at org.testng.internal.MethodInvocationHelper.invokeMethod(MethodInvocationHelper.java:133)
	at org.testng.internal.TestInvoker.invokeMethod(TestInvoker.java:598)
	at org.testng.internal.TestInvoker.invokeTestMethod(TestInvoker.java:173)
	at org.testng.internal.TestMethodWithDataProviderMethodWorker.call(TestMethodWithDataProviderMethodWorker.java:77)
	at org.testng.internal.TestMethodWithDataProviderMethodWorker.call(TestMethodWithDataProviderMethodWorker.java:15)
	at java.util.concurrent.FutureTask.run(FutureTask.java:266)
	at java.util.concurrent.Executors$RunnableAdapter.call(Executors.java:511)
	at java.util.concurrent.FutureTask.run(FutureTask.java:266)
	at java.util.concurrent.ThreadPoolExecutor.runWorker(ThreadPoolExecutor.java:1149)
	at java.util.concurrent.ThreadPoolExecutor$Worker.run(ThreadPoolExecutor.java:624)
	at java.lang.Thread.run(Thread.java:748)
&amp#27;[0m
  &amp#27;[36mAnd &amp#27;[0m&amp#27;[36msubmit the flow&amp#27;[0m                     &amp#27;[90m# stepDefinitions.common.CommonPageSteps.submit_srq_flow()&amp#27;[0m
  &amp#27;[36mThen &amp#27;[0m&amp#27;[36mflow submitted successfully&amp#27;[0m        &amp#27;[90m# stepDefinitions.serviceRequests.common.CommonPageSteps.flow_submitted_successfully()&amp#27;[0m

    Embedding  [image/png 91589 bytes]

Disconnected to oracle
]]></system-out>
    <system-err><![CDATA[[TestNG-PoolService-3] INFO com.codeborne.selenide.drivercommands.CloseDriverCommand - Hold browser and proxy open: 18 -> ChromeDriver: chrome on WINDOWS (d5b8a7905d7918b55c019db7264c916f), null
]]></system-err>
  </testcase>
  <testcase name="runScenario" classname="framework.runners.ServiceRequestSecondTest" time="105.044">
    <failure message="expected [PASSED] but found [FAILED]" type="java.lang.AssertionError">java.lang.AssertionError: expected [PASSED] but found [FAILED]
</failure>
    <system-out><![CDATA[Postpaid Modify Profile X-Directory Level flow started
  &amp#27;[32mGiven &amp#27;[0m&amp#27;[32muser is logged in&amp#27;[0m                           &amp#27;[90m# stepDefinitions.common.LoginPageSteps.user_is_logged_in()&amp#27;[0m
  &amp#27;[32mGiven &amp#27;[0m&amp#27;[32msearch with &amp#27;[0m&amp#27;[32m&amp#27;[1m"Active"&amp#27;[0m&amp#27;[32m msisdn&amp#27;[0m                 &amp#27;[90m# stepDefinitions.common.HomePageSteps.user_searches_with(java.lang.String,io.cucumber.datatable.DataTable)&amp#27;[0m
  &amp#27;[32mWhen &amp#27;[0m&amp#27;[32mgo to service request page&amp#27;[0m                   &amp#27;[90m# stepDefinitions.threesixty.OverviewPageSteps.go_to_service_request_page()&amp#27;[0m
  &amp#27;[32mAnd &amp#27;[0m&amp#27;[32mmodify x directory level&amp#27;[0m                      &amp#27;[90m# stepDefinitions.serviceRequests.profile.pflupd.ModifyXDirectoryLevelSteps.modify_directory(io.cucumber.datatable.DataTable)&amp#27;[0m
  &amp#27;[32mAnd &amp#27;[0m&amp#27;[32msubmit the flow&amp#27;[0m                               &amp#27;[90m# stepDefinitions.common.CommonPageSteps.submit_srq_flow()&amp#27;[0m
  &amp#27;[31mThen &amp#27;[0m&amp#27;[31mflow submitted successfully&amp#27;[0m                  &amp#27;[90m# stepDefinitions.serviceRequests.common.CommonPageSteps.flow_submitted_successfully()&amp#27;[0m
      &amp#27;[31mjava.lang.AssertionError: expected [PASSED] but found [FAILED]
	at org.testng.Assert.fail(Assert.java:99)
	at org.testng.Assert.failNotEquals(Assert.java:1037)
	at org.testng.Assert.assertEqualsImpl(Assert.java:140)
	at org.testng.Assert.assertEquals(Assert.java:122)
	at org.testng.Assert.assertEquals(Assert.java:629)
	at org.testng.Assert.assertEquals(Assert.java:639)
	at stepDefinitions.serviceRequests.common.CommonPageSteps.flow_submitted_successfully(CommonPageSteps.java:21)
	at âœ½.flow submitted successfully(file:///C:/Git/clm_selenide_cucumber/src/test/resources/functionalTests/MTNC/5_Service_Requests_profile.feature:67)
&amp#27;[0m

    Embedding  [image/png 88135 bytes]

Disconnected to oracle
]]></system-out>
    <system-err><![CDATA[java.sql.SQLRecoverableException: IO Error: The Network Adapter could not establish the connection (CONNECTION_ID=Df3lcD3zTACmQsmnBlfP9A==)
	at oracle.jdbc.driver.T4CConnection.handleLogonNetException(T4CConnection.java:870)
	at oracle.jdbc.driver.T4CConnection.logon(T4CConnection.java:675)
	at oracle.jdbc.driver.PhysicalConnection.connect(PhysicalConnection.java:1032)
	at oracle.jdbc.driver.T4CDriverExtension.getConnection(T4CDriverExtension.java:90)
	at oracle.jdbc.driver.OracleDriver.connect(OracleDriver.java:681)
	at oracle.jdbc.driver.OracleDriver.connect(OracleDriver.java:602)
	at java.sql.DriverManager.getConnection(DriverManager.java:664)
	at java.sql.DriverManager.getConnection(DriverManager.java:247)
	at framework.utils.OracleDataProvider.<init>(OracleDataProvider.java:35)
	at stepDefinitions.hooks.ServiceRequestHooks.<init>(ServiceRequestHooks.java:29)
	at sun.reflect.NativeConstructorAccessorImpl.newInstance0(Native Method)
	at sun.reflect.NativeConstructorAccessorImpl.newInstance(NativeConstructorAccessorImpl.java:62)
	at sun.reflect.DelegatingConstructorAccessorImpl.newInstance(DelegatingConstructorAccessorImpl.java:45)
	at java.lang.reflect.Constructor.newInstance(Constructor.java:423)
	at org.picocontainer.injectors.AbstractInjector.newInstance(AbstractInjector.java:145)
	at org.picocontainer.injectors.ConstructorInjector$1.run(ConstructorInjector.java:342)
	at org.picocontainer.injectors.AbstractInjector$ThreadLocalCyclicDependencyGuard.observe(AbstractInjector.java:270)
	at org.picocontainer.injectors.ConstructorInjector.getComponentInstance(ConstructorInjector.java:364)
	at org.picocontainer.injectors.AbstractInjectionFactory$LifecycleAdapter.getComponentInstance(AbstractInjectionFactory.java:56)
	at org.picocontainer.behaviors.AbstractBehavior.getComponentInstance(AbstractBehavior.java:64)
	at org.picocontainer.behaviors.Stored.getComponentInstance(Stored.java:91)
	at org.picocontainer.DefaultPicoContainer.getInstance(DefaultPicoContainer.java:699)
	at org.picocontainer.DefaultPicoContainer.getComponent(DefaultPicoContainer.java:647)
	at org.picocontainer.DefaultPicoContainer.getComponent(DefaultPicoContainer.java:678)
	at io.cucumber.picocontainer.PicoFactory.getInstance(PicoFactory.java:49)
	at io.cucumber.java.AbstractGlueDefinition.invokeMethod(AbstractGlueDefinition.java:47)
	at io.cucumber.java.JavaHookDefinition.execute(JavaHookDefinition.java:59)
	at io.cucumber.core.runner.CoreHookDefinition.execute(CoreHookDefinition.java:46)
	at io.cucumber.core.runner.HookDefinitionMatch.runStep(HookDefinitionMatch.java:21)
	at io.cucumber.core.runner.ExecutionMode$1.execute(ExecutionMode.java:10)
	at io.cucumber.core.runner.TestStep.executeStep(TestStep.java:92)
	at io.cucumber.core.runner.TestStep.run(TestStep.java:64)
	at io.cucumber.core.runner.TestCase.run(TestCase.java:98)
	at io.cucumber.core.runner.Runner.runPickle(Runner.java:71)
	at io.cucumber.testng.TestNGCucumberRunner.lambda$runScenario$0(TestNGCucumberRunner.java:116)
	at io.cucumber.core.runtime.CucumberExecutionContext.runTestCase(CucumberExecutionContext.java:117)
	at io.cucumber.testng.TestNGCucumberRunner.runScenario(TestNGCucumberRunner.java:113)
	at io.cucumber.testng.AbstractTestNGCucumberTests.runScenario(AbstractTestNGCucumberTests.java:31)
	at sun.reflect.NativeMethodAccessorImpl.invoke0(Native Method)
	at sun.reflect.NativeMethodAccessorImpl.invoke(NativeMethodAccessorImpl.java:62)
	at sun.reflect.DelegatingMethodAccessorImpl.invoke(DelegatingMethodAccessorImpl.java:43)
	at java.lang.reflect.Method.invoke(Method.java:498)
	at org.testng.internal.MethodInvocationHelper.invokeMethod(MethodInvocationHelper.java:133)
	at org.testng.internal.TestInvoker.invokeMethod(TestInvoker.java:598)
	at org.testng.internal.TestInvoker.invokeTestMethod(TestInvoker.java:173)
	at org.testng.internal.TestMethodWithDataProviderMethodWorker.call(TestMethodWithDataProviderMethodWorker.java:77)
	at org.testng.internal.TestMethodWithDataProviderMethodWorker.call(TestMethodWithDataProviderMethodWorker.java:15)
	at java.util.concurrent.FutureTask.run(FutureTask.java:266)
	at java.util.concurrent.Executors$RunnableAdapter.call(Executors.java:511)
	at java.util.concurrent.FutureTask.run(FutureTask.java:266)
	at java.util.concurrent.ThreadPoolExecutor.runWorker(ThreadPoolExecutor.java:1149)
	at java.util.concurrent.ThreadPoolExecutor$Worker.run(ThreadPoolExecutor.java:624)
	at java.lang.Thread.run(Thread.java:748)
Caused by: oracle.net.ns.NetException: The Network Adapter could not establish the connection (CONNECTION_ID=Df3lcD3zTACmQsmnBlfP9A==)
	at oracle.net.nt.ConnStrategy.execute(ConnStrategy.java:594)
	at oracle.net.resolver.AddrResolution.resolveAndExecute(AddrResolution.java:565)
	at oracle.net.ns.NSProtocol.establishConnection(NSProtocol.java:937)
	at oracle.net.ns.NSProtocol.connect(NSProtocol.java:346)
	at oracle.jdbc.driver.T4CConnection.connect(T4CConnection.java:1967)
	at oracle.jdbc.driver.T4CConnection.logon(T4CConnection.java:640)
	... 51 more
Caused by: java.io.IOException: Connection timed out: connect, socket connect lapse 21044 ms. 10.66.34.104 1521  0 (1/1) true
	at oracle.net.nt.TcpNTAdapter.establishSocket(TcpNTAdapter.java:421)
	at oracle.net.nt.TcpNTAdapter.doLocalDNSLookupConnect(TcpNTAdapter.java:303)
	at oracle.net.nt.TcpNTAdapter.connect(TcpNTAdapter.java:265)
	at oracle.net.nt.ConnOption.connect(ConnOption.java:229)
	at oracle.net.nt.ConnStrategy.executeConnOption(ConnStrategy.java:814)
	at oracle.net.nt.ConnStrategy.execute(ConnStrategy.java:555)
	... 56 more
Caused by: java.net.ConnectException: Connection timed out: connect
	at sun.nio.ch.Net.connect0(Native Method)
	at sun.nio.ch.Net.connect(Net.java:454)
	at sun.nio.ch.Net.connect(Net.java:446)
	at sun.nio.ch.SocketChannelImpl.connect(SocketChannelImpl.java:648)
	at java.nio.channels.SocketChannel.open(SocketChannel.java:189)
	at oracle.net.nt.TimeoutSocketChannel.connect(TimeoutSocketChannel.java:184)
	at oracle.net.nt.TimeoutSocketChannel.<init>(TimeoutSocketChannel.java:158)
	at oracle.net.nt.TcpNTAdapter.establishSocket(TcpNTAdapter.java:380)
	... 61 more
[TestNG-PoolService-2] INFO com.codeborne.selenide.impl.WebDriverThreadLocalContainer - No webdriver is bound to current thread: 17 - let's create a new webdriver
[TestNG-PoolService-2] INFO com.codeborne.selenide.impl.FileHelper - Creating folder: C:\Git\clm_selenide_cucumber\target\downloads\1628239404794_10940_17
Starting ChromeDriver 92.0.4515.107 (87a818b10553a07434ea9e2b6dccf3cbe7895134-refs/branch-heads/4515@{#1634}) on port 4628
Only local connections are allowed.
Please see https://chromedriver.chromium.org/security-considerations for suggestions on keeping ChromeDriver safe.
ChromeDriver was started successfully.
Aug 06, 2021 2:13:25 PM org.openqa.selenium.remote.ProtocolHandshake createSession
INFO: Detected dialect: W3C
[TestNG-PoolService-2] INFO com.codeborne.selenide.webdriver.HttpClientTimeouts - Changed connectTimeout from 120000 to 60000
[TestNG-PoolService-2] INFO com.codeborne.selenide.webdriver.HttpClientTimeouts - Changed readTimeout from 10800000 to 120000
[TestNG-PoolService-2] INFO com.codeborne.selenide.webdriver.WebDriverFactory - BrowserName=chrome Version=92.0.4515.131 Platform=WINDOWS
[TestNG-PoolService-2] INFO com.codeborne.selenide.webdriver.WebDriverFactory - Selenide v. 5.23.2
[TestNG-PoolService-2] INFO com.codeborne.selenide.webdriver.WebDriverFactory - Selenium WebDriver v. 3.141.59 build time: 2018-11-14T08:17:03
[TestNG-PoolService-2] INFO com.codeborne.selenide.drivercommands.CreateDriverCommand - Create webdriver in current thread 17: ChromeDriver -> ChromeDriver: chrome on WINDOWS (1fc91bc5db1d57c6de56247b00e4f149)
[TestNG-PoolService-2] INFO com.codeborne.selenide.impl.WebDriverThreadLocalContainer - Browser and proxy will stay open due to holdBrowserOpen=true: 17 -> ChromeDriver: chrome on WINDOWS (1fc91bc5db1d57c6de56247b00e4f149), null
[TestNG-PoolService-2] INFO com.codeborne.selenide.impl.FileHelper - Creating folder: C:\Git\clm_selenide_cucumber\target\reports\tests\Postpaid Modify Profile X-Directory Level
[TestNG-PoolService-2] INFO com.codeborne.selenide.drivercommands.CloseDriverCommand - Hold browser and proxy open: 17 -> ChromeDriver: chrome on WINDOWS (1fc91bc5db1d57c6de56247b00e4f149), null
]]></system-err>
  </testcase>
</testsuite>